{"$message_type":"diagnostic","message":"failed to resolve: use of unresolved module or unlinked crate `pyo3`","code":{"code":"E0433","explanation":"An undeclared crate, module, or type was used.\n\nErroneous code example:\n\n```compile_fail,E0433\nlet map = HashMap::new();\n// error: failed to resolve: use of undeclared type `HashMap`\n```\n\nPlease verify you didn't misspell the type/module's name or that you didn't\nforget to import it:\n\n```\nuse std::collections::HashMap; // HashMap has been imported.\nlet map: HashMap<u32, u32> = HashMap::new(); // So it can be used!\n```\n\nIf you've expected to use a crate name:\n\n```compile_fail\nuse ferris_wheel::BigO;\n// error: failed to resolve: use of undeclared module or unlinked crate\n```\n\nMake sure the crate has been added as a dependency in `Cargo.toml`.\n\nTo use a module from your current crate, add the `crate::` prefix to the path.\n"},"level":"error","spans":[{"file_name":"src/lib.rs","byte_start":4,"byte_end":8,"line_start":1,"line_end":1,"column_start":5,"column_end":9,"is_primary":true,"text":[{"text":"use pyo3::prelude::*;","highlight_start":5,"highlight_end":9}],"label":"use of unresolved module or unlinked crate `pyo3`","suggested_replacement":null,"suggestion_applicability":null,"expansion":null}],"children":[{"message":"if you wanted to use a crate named `pyo3`, use `cargo add pyo3` to add it to your `Cargo.toml`","code":null,"level":"help","spans":[],"children":[],"rendered":null}],"rendered":"\u001b[1m\u001b[91merror[E0433]\u001b[0m\u001b[1m: failed to resolve: use of unresolved module or unlinked crate `pyo3`\u001b[0m\n \u001b[1m\u001b[94m--> \u001b[0msrc/lib.rs:1:5\n  \u001b[1m\u001b[94m|\u001b[0m\n\u001b[1m\u001b[94m1\u001b[0m \u001b[1m\u001b[94m|\u001b[0m use pyo3::prelude::*;\n  \u001b[1m\u001b[94m|\u001b[0m     \u001b[1m\u001b[91m^^^^\u001b[0m \u001b[1m\u001b[91muse of unresolved module or unlinked crate `pyo3`\u001b[0m\n  \u001b[1m\u001b[94m|\u001b[0m\n  \u001b[1m\u001b[94m= \u001b[0m\u001b[1mhelp\u001b[0m: if you wanted to use a crate named `pyo3`, use `cargo add pyo3` to add it to your `Cargo.toml`\n\n"}
{"$message_type":"diagnostic","message":"failed to resolve: use of unresolved module or unlinked crate `rayon`","code":{"code":"E0433","explanation":"An undeclared crate, module, or type was used.\n\nErroneous code example:\n\n```compile_fail,E0433\nlet map = HashMap::new();\n// error: failed to resolve: use of undeclared type `HashMap`\n```\n\nPlease verify you didn't misspell the type/module's name or that you didn't\nforget to import it:\n\n```\nuse std::collections::HashMap; // HashMap has been imported.\nlet map: HashMap<u32, u32> = HashMap::new(); // So it can be used!\n```\n\nIf you've expected to use a crate name:\n\n```compile_fail\nuse ferris_wheel::BigO;\n// error: failed to resolve: use of undeclared module or unlinked crate\n```\n\nMake sure the crate has been added as a dependency in `Cargo.toml`.\n\nTo use a module from your current crate, add the `crate::` prefix to the path.\n"},"level":"error","spans":[{"file_name":"src/lib.rs","byte_start":54,"byte_end":59,"line_start":3,"line_end":3,"column_start":5,"column_end":10,"is_primary":true,"text":[{"text":"use rayon::prelude::*;","highlight_start":5,"highlight_end":10}],"label":"use of unresolved module or unlinked crate `rayon`","suggested_replacement":null,"suggestion_applicability":null,"expansion":null}],"children":[{"message":"if you wanted to use a crate named `rayon`, use `cargo add rayon` to add it to your `Cargo.toml`","code":null,"level":"help","spans":[],"children":[],"rendered":null}],"rendered":"\u001b[1m\u001b[91merror[E0433]\u001b[0m\u001b[1m: failed to resolve: use of unresolved module or unlinked crate `rayon`\u001b[0m\n \u001b[1m\u001b[94m--> \u001b[0msrc/lib.rs:3:5\n  \u001b[1m\u001b[94m|\u001b[0m\n\u001b[1m\u001b[94m3\u001b[0m \u001b[1m\u001b[94m|\u001b[0m use rayon::prelude::*;\n  \u001b[1m\u001b[94m|\u001b[0m     \u001b[1m\u001b[91m^^^^^\u001b[0m \u001b[1m\u001b[91muse of unresolved module or unlinked crate `rayon`\u001b[0m\n  \u001b[1m\u001b[94m|\u001b[0m\n  \u001b[1m\u001b[94m= \u001b[0m\u001b[1mhelp\u001b[0m: if you wanted to use a crate named `rayon`, use `cargo add rayon` to add it to your `Cargo.toml`\n\n"}
{"$message_type":"diagnostic","message":"unresolved import `sha2`","code":{"code":"E0432","explanation":"An import was unresolved.\n\nErroneous code example:\n\n```compile_fail,E0432\nuse something::Foo; // error: unresolved import `something::Foo`.\n```\n\nIn Rust 2015, paths in `use` statements are relative to the crate root. To\nimport items relative to the current and parent modules, use the `self::` and\n`super::` prefixes, respectively.\n\nIn Rust 2018 or later, paths in `use` statements are relative to the current\nmodule unless they begin with the name of a crate or a literal `crate::`, in\nwhich case they start from the crate root. As in Rust 2015 code, the `self::`\nand `super::` prefixes refer to the current and parent modules respectively.\n\nAlso verify that you didn't misspell the import name and that the import exists\nin the module from where you tried to import it. Example:\n\n```\nuse self::something::Foo; // Ok.\n\nmod something {\n    pub struct Foo;\n}\n# fn main() {}\n```\n\nIf you tried to use a module from an external crate and are using Rust 2015,\nyou may have missed the `extern crate` declaration (which is usually placed in\nthe crate root):\n\n```edition2015\nextern crate core; // Required to use the `core` crate in Rust 2015.\n\nuse core::any;\n# fn main() {}\n```\n\nSince Rust 2018 the `extern crate` declaration is not required and\nyou can instead just `use` it:\n\n```edition2018\nuse core::any; // No extern crate required in Rust 2018.\n# fn main() {}\n```\n"},"level":"error","spans":[{"file_name":"src/lib.rs","byte_start":26,"byte_end":30,"line_start":2,"line_end":2,"column_start":5,"column_end":9,"is_primary":true,"text":[{"text":"use sha2::{Sha256, Digest};","highlight_start":5,"highlight_end":9}],"label":"use of unresolved module or unlinked crate `sha2`","suggested_replacement":null,"suggestion_applicability":null,"expansion":null}],"children":[{"message":"if you wanted to use a crate named `sha2`, use `cargo add sha2` to add it to your `Cargo.toml`","code":null,"level":"help","spans":[],"children":[],"rendered":null}],"rendered":"\u001b[1m\u001b[91merror[E0432]\u001b[0m\u001b[1m: unresolved import `sha2`\u001b[0m\n \u001b[1m\u001b[94m--> \u001b[0msrc/lib.rs:2:5\n  \u001b[1m\u001b[94m|\u001b[0m\n\u001b[1m\u001b[94m2\u001b[0m \u001b[1m\u001b[94m|\u001b[0m use sha2::{Sha256, Digest};\n  \u001b[1m\u001b[94m|\u001b[0m     \u001b[1m\u001b[91m^^^^\u001b[0m \u001b[1m\u001b[91muse of unresolved module or unlinked crate `sha2`\u001b[0m\n  \u001b[1m\u001b[94m|\u001b[0m\n  \u001b[1m\u001b[94m= \u001b[0m\u001b[1mhelp\u001b[0m: if you wanted to use a crate named `sha2`, use `cargo add sha2` to add it to your `Cargo.toml`\n\n"}
{"$message_type":"diagnostic","message":"cannot find attribute `pymodule` in this scope","code":null,"level":"error","spans":[{"file_name":"src/lib.rs","byte_start":1055,"byte_end":1063,"line_start":33,"line_end":33,"column_start":3,"column_end":11,"is_primary":true,"text":[{"text":"#[pymodule]","highlight_start":3,"highlight_end":11}],"label":null,"suggested_replacement":null,"suggestion_applicability":null,"expansion":null}],"children":[],"rendered":"\u001b[1m\u001b[91merror\u001b[0m\u001b[1m: cannot find attribute `pymodule` in this scope\u001b[0m\n  \u001b[1m\u001b[94m--> \u001b[0msrc/lib.rs:33:3\n   \u001b[1m\u001b[94m|\u001b[0m\n\u001b[1m\u001b[94m33\u001b[0m \u001b[1m\u001b[94m|\u001b[0m #[pymodule]\n   \u001b[1m\u001b[94m|\u001b[0m   \u001b[1m\u001b[91m^^^^^^^^\u001b[0m\n\n"}
{"$message_type":"diagnostic","message":"cannot find macro `wrap_pyfunction` in this scope","code":null,"level":"error","spans":[{"file_name":"src/lib.rs","byte_start":1144,"byte_end":1159,"line_start":35,"line_end":35,"column_start":20,"column_end":35,"is_primary":true,"text":[{"text":"    m.add_function(wrap_pyfunction!(find_arcana_nonce, m)?)?;","highlight_start":20,"highlight_end":35}],"label":null,"suggested_replacement":null,"suggestion_applicability":null,"expansion":null}],"children":[],"rendered":"\u001b[1m\u001b[91merror\u001b[0m\u001b[1m: cannot find macro `wrap_pyfunction` in this scope\u001b[0m\n  \u001b[1m\u001b[94m--> \u001b[0msrc/lib.rs:35:20\n   \u001b[1m\u001b[94m|\u001b[0m\n\u001b[1m\u001b[94m35\u001b[0m \u001b[1m\u001b[94m|\u001b[0m     m.add_function(wrap_pyfunction!(find_arcana_nonce, m)?)?;\n   \u001b[1m\u001b[94m|\u001b[0m                    \u001b[1m\u001b[91m^^^^^^^^^^^^^^^\u001b[0m\n\n"}
{"$message_type":"diagnostic","message":"cannot find attribute `pyfunction` in this scope","code":null,"level":"error","spans":[{"file_name":"src/lib.rs","byte_start":76,"byte_end":86,"line_start":5,"line_end":5,"column_start":3,"column_end":13,"is_primary":true,"text":[{"text":"#[pyfunction]","highlight_start":3,"highlight_end":13}],"label":null,"suggested_replacement":null,"suggestion_applicability":null,"expansion":null}],"children":[],"rendered":"\u001b[1m\u001b[91merror\u001b[0m\u001b[1m: cannot find attribute `pyfunction` in this scope\u001b[0m\n \u001b[1m\u001b[94m--> \u001b[0msrc/lib.rs:5:3\n  \u001b[1m\u001b[94m|\u001b[0m\n\u001b[1m\u001b[94m5\u001b[0m \u001b[1m\u001b[94m|\u001b[0m #[pyfunction]\n  \u001b[1m\u001b[94m|\u001b[0m   \u001b[1m\u001b[91m^^^^^^^^^^\u001b[0m\n\n"}
{"$message_type":"diagnostic","message":"failed to resolve: use of unresolved module or unlinked crate `itoa`","code":{"code":"E0433","explanation":"An undeclared crate, module, or type was used.\n\nErroneous code example:\n\n```compile_fail,E0433\nlet map = HashMap::new();\n// error: failed to resolve: use of undeclared type `HashMap`\n```\n\nPlease verify you didn't misspell the type/module's name or that you didn't\nforget to import it:\n\n```\nuse std::collections::HashMap; // HashMap has been imported.\nlet map: HashMap<u32, u32> = HashMap::new(); // So it can be used!\n```\n\nIf you've expected to use a crate name:\n\n```compile_fail\nuse ferris_wheel::BigO;\n// error: failed to resolve: use of undeclared module or unlinked crate\n```\n\nMake sure the crate has been added as a dependency in `Cargo.toml`.\n\nTo use a module from your current crate, add the `crate::` prefix to the path.\n"},"level":"error","spans":[{"file_name":"src/lib.rs","byte_start":481,"byte_end":485,"line_start":14,"line_end":14,"column_start":38,"column_end":42,"is_primary":true,"text":[{"text":"                    let mut buffer = itoa::Buffer::new();","highlight_start":38,"highlight_end":42}],"label":"use of unresolved module or unlinked crate `itoa`","suggested_replacement":null,"suggestion_applicability":null,"expansion":null}],"children":[{"message":"if you wanted to use a crate named `itoa`, use `cargo add itoa` to add it to your `Cargo.toml`","code":null,"level":"help","spans":[],"children":[],"rendered":null}],"rendered":"\u001b[1m\u001b[91merror[E0433]\u001b[0m\u001b[1m: failed to resolve: use of unresolved module or unlinked crate `itoa`\u001b[0m\n  \u001b[1m\u001b[94m--> \u001b[0msrc/lib.rs:14:38\n   \u001b[1m\u001b[94m|\u001b[0m\n\u001b[1m\u001b[94m14\u001b[0m \u001b[1m\u001b[94m|\u001b[0m                     let mut buffer = itoa::Buffer::new();\n   \u001b[1m\u001b[94m|\u001b[0m                                      \u001b[1m\u001b[91m^^^^\u001b[0m \u001b[1m\u001b[91muse of unresolved module or unlinked crate `itoa`\u001b[0m\n   \u001b[1m\u001b[94m|\u001b[0m\n   \u001b[1m\u001b[94m= \u001b[0m\u001b[1mhelp\u001b[0m: if you wanted to use a crate named `itoa`, use `cargo add itoa` to add it to your `Cargo.toml`\n\n"}
{"$message_type":"diagnostic","message":"cannot find type `PyResult` in this scope","code":{"code":"E0425","explanation":"An unresolved name was used.\n\nErroneous code examples:\n\n```compile_fail,E0425\nsomething_that_doesnt_exist::foo;\n// error: unresolved name `something_that_doesnt_exist::foo`\n\n// or:\n\ntrait Foo {\n    fn bar() {\n        Self; // error: unresolved name `Self`\n    }\n}\n\n// or:\n\nlet x = unknown_variable;  // error: unresolved name `unknown_variable`\n```\n\nPlease verify that the name wasn't misspelled and ensure that the\nidentifier being referred to is valid for the given situation. Example:\n\n```\nenum something_that_does_exist {\n    Foo,\n}\n```\n\nOr:\n\n```\nmod something_that_does_exist {\n    pub static foo : i32 = 0i32;\n}\n\nsomething_that_does_exist::foo; // ok!\n```\n\nOr:\n\n```\nlet unknown_variable = 12u32;\nlet x = unknown_variable; // ok!\n```\n\nIf the item is not defined in the current module, it must be imported using a\n`use` statement, like so:\n\n```\n# mod foo { pub fn bar() {} }\n# fn main() {\nuse foo::bar;\nbar();\n# }\n```\n\nIf the item you are importing is not defined in some super-module of the\ncurrent module, then it must also be declared as public (e.g., `pub fn`).\n"},"level":"error","spans":[{"file_name":"/rustc/254b59607d4417e9dffbc307138ae5c86280fe4c/library/core/src/result.rs","byte_start":21221,"byte_end":21242,"line_start":557,"line_end":557,"column_start":1,"column_end":22,"is_primary":false,"text":[],"label":"similarly named enum `Result` defined here","suggested_replacement":null,"suggestion_applicability":null,"expansion":null},{"file_name":"src/lib.rs","byte_start":169,"byte_end":177,"line_start":6,"line_end":6,"column_start":82,"column_end":90,"is_primary":true,"text":[{"text":"fn find_arcana_nonce(target_prefix: String, range_start: u64, range_end: u64) -> PyResult<Option<u64>> {","highlight_start":82,"highlight_end":90}],"label":null,"suggested_replacement":null,"suggestion_applicability":null,"expansion":null}],"children":[{"message":"an enum with a similar name exists","code":null,"level":"help","spans":[{"file_name":"src/lib.rs","byte_start":169,"byte_end":177,"line_start":6,"line_end":6,"column_start":82,"column_end":90,"is_primary":true,"text":[{"text":"fn find_arcana_nonce(target_prefix: String, range_start: u64, range_end: u64) -> PyResult<Option<u64>> {","highlight_start":82,"highlight_end":90}],"label":null,"suggested_replacement":"Result","suggestion_applicability":"MaybeIncorrect","expansion":null}],"children":[],"rendered":null}],"rendered":"\u001b[1m\u001b[91merror[E0425]\u001b[0m\u001b[1m: cannot find type `PyResult` in this scope\u001b[0m\n \u001b[1m\u001b[94m--> \u001b[0msrc/lib.rs:6:82\n  \u001b[1m\u001b[94m|\u001b[0m\n\u001b[1m\u001b[94m6\u001b[0m \u001b[1m\u001b[94m|\u001b[0m \u001b[1m\u001b[94m...\u001b[0m4) -> PyResult<Option<u64>> {\n  \u001b[1m\u001b[94m|\u001b[0m          \u001b[1m\u001b[91m^^^^^^^^\u001b[0m \u001b[1m\u001b[91mhelp: an enum with a similar name exists: `Result`\u001b[0m\n  \u001b[1m\u001b[94m|\u001b[0m\n \u001b[1m\u001b[94m--> \u001b[0m/rustc/254b59607d4417e9dffbc307138ae5c86280fe4c/library/core/src/result.rs:557:1\n  \u001b[1m\u001b[94m|\u001b[0m\n  \u001b[1m\u001b[94m= \u001b[0m\u001b[1mnote\u001b[0m: \u001b[1m\u001b[94msimilarly named enum `Result` defined here\u001b[0m\n\n"}
{"$message_type":"diagnostic","message":"cannot find type `Bound` in this scope","code":{"code":"E0425","explanation":"An unresolved name was used.\n\nErroneous code examples:\n\n```compile_fail,E0425\nsomething_that_doesnt_exist::foo;\n// error: unresolved name `something_that_doesnt_exist::foo`\n\n// or:\n\ntrait Foo {\n    fn bar() {\n        Self; // error: unresolved name `Self`\n    }\n}\n\n// or:\n\nlet x = unknown_variable;  // error: unresolved name `unknown_variable`\n```\n\nPlease verify that the name wasn't misspelled and ensure that the\nidentifier being referred to is valid for the given situation. Example:\n\n```\nenum something_that_does_exist {\n    Foo,\n}\n```\n\nOr:\n\n```\nmod something_that_does_exist {\n    pub static foo : i32 = 0i32;\n}\n\nsomething_that_does_exist::foo; // ok!\n```\n\nOr:\n\n```\nlet unknown_variable = 12u32;\nlet x = unknown_variable; // ok!\n```\n\nIf the item is not defined in the current module, it must be imported using a\n`use` statement, like so:\n\n```\n# mod foo { pub fn bar() {} }\n# fn main() {\nuse foo::bar;\nbar();\n# }\n```\n\nIf the item you are importing is not defined in some super-module of the\ncurrent module, then it must also be declared as public (e.g., `pub fn`).\n"},"level":"error","spans":[{"file_name":"src/lib.rs","byte_start":1086,"byte_end":1091,"line_start":34,"line_end":34,"column_start":22,"column_end":27,"is_primary":true,"text":[{"text":"fn prover_engine(m: &Bound<'_, PyModule>) -> PyResult<()> {","highlight_start":22,"highlight_end":27}],"label":"not found in this scope","suggested_replacement":null,"suggestion_applicability":null,"expansion":null}],"children":[{"message":"consider importing this enum","code":null,"level":"help","spans":[{"file_name":"src/lib.rs","byte_start":0,"byte_end":0,"line_start":1,"line_end":1,"column_start":1,"column_end":1,"is_primary":true,"text":[],"label":null,"suggested_replacement":"use std::ops::Bound;\n","suggestion_applicability":"MaybeIncorrect","expansion":null}],"children":[],"rendered":null}],"rendered":"\u001b[1m\u001b[91merror[E0425]\u001b[0m\u001b[1m: cannot find type `Bound` in this scope\u001b[0m\n  \u001b[1m\u001b[94m--> \u001b[0msrc/lib.rs:34:22\n   \u001b[1m\u001b[94m|\u001b[0m\n\u001b[1m\u001b[94m34\u001b[0m \u001b[1m\u001b[94m|\u001b[0m fn prover_engine(m: &Bound<'_, PyModule>) -> PyResult<()> {\n   \u001b[1m\u001b[94m|\u001b[0m                      \u001b[1m\u001b[91m^^^^^\u001b[0m \u001b[1m\u001b[91mnot found in this scope\u001b[0m\n   \u001b[1m\u001b[94m|\u001b[0m\n\u001b[1m\u001b[96mhelp\u001b[0m: consider importing this enum\n   \u001b[1m\u001b[94m|\u001b[0m\n \u001b[1m\u001b[94m1\u001b[0m \u001b[92m+ use std::ops::Bound;\u001b[0m\n   \u001b[1m\u001b[94m|\u001b[0m\n\n"}
{"$message_type":"diagnostic","message":"cannot find type `PyModule` in this scope","code":{"code":"E0425","explanation":"An unresolved name was used.\n\nErroneous code examples:\n\n```compile_fail,E0425\nsomething_that_doesnt_exist::foo;\n// error: unresolved name `something_that_doesnt_exist::foo`\n\n// or:\n\ntrait Foo {\n    fn bar() {\n        Self; // error: unresolved name `Self`\n    }\n}\n\n// or:\n\nlet x = unknown_variable;  // error: unresolved name `unknown_variable`\n```\n\nPlease verify that the name wasn't misspelled and ensure that the\nidentifier being referred to is valid for the given situation. Example:\n\n```\nenum something_that_does_exist {\n    Foo,\n}\n```\n\nOr:\n\n```\nmod something_that_does_exist {\n    pub static foo : i32 = 0i32;\n}\n\nsomething_that_does_exist::foo; // ok!\n```\n\nOr:\n\n```\nlet unknown_variable = 12u32;\nlet x = unknown_variable; // ok!\n```\n\nIf the item is not defined in the current module, it must be imported using a\n`use` statement, like so:\n\n```\n# mod foo { pub fn bar() {} }\n# fn main() {\nuse foo::bar;\nbar();\n# }\n```\n\nIf the item you are importing is not defined in some super-module of the\ncurrent module, then it must also be declared as public (e.g., `pub fn`).\n"},"level":"error","spans":[{"file_name":"src/lib.rs","byte_start":1096,"byte_end":1104,"line_start":34,"line_end":34,"column_start":32,"column_end":40,"is_primary":true,"text":[{"text":"fn prover_engine(m: &Bound<'_, PyModule>) -> PyResult<()> {","highlight_start":32,"highlight_end":40}],"label":"not found in this scope","suggested_replacement":null,"suggestion_applicability":null,"expansion":null}],"children":[{"message":"you might be missing a type parameter","code":null,"level":"help","spans":[{"file_name":"src/lib.rs","byte_start":1081,"byte_end":1081,"line_start":34,"line_end":34,"column_start":17,"column_end":17,"is_primary":true,"text":[{"text":"fn prover_engine(m: &Bound<'_, PyModule>) -> PyResult<()> {","highlight_start":17,"highlight_end":17}],"label":null,"suggested_replacement":"<PyModule>","suggestion_applicability":"MaybeIncorrect","expansion":null}],"children":[],"rendered":null}],"rendered":"\u001b[1m\u001b[91merror[E0425]\u001b[0m\u001b[1m: cannot find type `PyModule` in this scope\u001b[0m\n  \u001b[1m\u001b[94m--> \u001b[0msrc/lib.rs:34:32\n   \u001b[1m\u001b[94m|\u001b[0m\n\u001b[1m\u001b[94m34\u001b[0m \u001b[1m\u001b[94m|\u001b[0m fn prover_engine(m: &Bound<'_, PyModule>) -> PyResult<()> {\n   \u001b[1m\u001b[94m|\u001b[0m                                \u001b[1m\u001b[91m^^^^^^^^\u001b[0m \u001b[1m\u001b[91mnot found in this scope\u001b[0m\n   \u001b[1m\u001b[94m|\u001b[0m\n\u001b[1m\u001b[96mhelp\u001b[0m: you might be missing a type parameter\n   \u001b[1m\u001b[94m|\u001b[0m\n\u001b[1m\u001b[94m34\u001b[0m \u001b[1m\u001b[94m| \u001b[0mfn prover_engine\u001b[92m<PyModule>\u001b[0m(m: &Bound<'_, PyModule>) -> PyResult<()> {\n   \u001b[1m\u001b[94m|\u001b[0m                 \u001b[92m++++++++++\u001b[0m\n\n"}
{"$message_type":"diagnostic","message":"cannot find type `PyResult` in this scope","code":{"code":"E0425","explanation":"An unresolved name was used.\n\nErroneous code examples:\n\n```compile_fail,E0425\nsomething_that_doesnt_exist::foo;\n// error: unresolved name `something_that_doesnt_exist::foo`\n\n// or:\n\ntrait Foo {\n    fn bar() {\n        Self; // error: unresolved name `Self`\n    }\n}\n\n// or:\n\nlet x = unknown_variable;  // error: unresolved name `unknown_variable`\n```\n\nPlease verify that the name wasn't misspelled and ensure that the\nidentifier being referred to is valid for the given situation. Example:\n\n```\nenum something_that_does_exist {\n    Foo,\n}\n```\n\nOr:\n\n```\nmod something_that_does_exist {\n    pub static foo : i32 = 0i32;\n}\n\nsomething_that_does_exist::foo; // ok!\n```\n\nOr:\n\n```\nlet unknown_variable = 12u32;\nlet x = unknown_variable; // ok!\n```\n\nIf the item is not defined in the current module, it must be imported using a\n`use` statement, like so:\n\n```\n# mod foo { pub fn bar() {} }\n# fn main() {\nuse foo::bar;\nbar();\n# }\n```\n\nIf the item you are importing is not defined in some super-module of the\ncurrent module, then it must also be declared as public (e.g., `pub fn`).\n"},"level":"error","spans":[{"file_name":"/rustc/254b59607d4417e9dffbc307138ae5c86280fe4c/library/core/src/result.rs","byte_start":21221,"byte_end":21242,"line_start":557,"line_end":557,"column_start":1,"column_end":22,"is_primary":false,"text":[],"label":"similarly named enum `Result` defined here","suggested_replacement":null,"suggestion_applicability":null,"expansion":null},{"file_name":"src/lib.rs","byte_start":1110,"byte_end":1118,"line_start":34,"line_end":34,"column_start":46,"column_end":54,"is_primary":true,"text":[{"text":"fn prover_engine(m: &Bound<'_, PyModule>) -> PyResult<()> {","highlight_start":46,"highlight_end":54}],"label":null,"suggested_replacement":null,"suggestion_applicability":null,"expansion":null}],"children":[{"message":"an enum with a similar name exists","code":null,"level":"help","spans":[{"file_name":"src/lib.rs","byte_start":1110,"byte_end":1118,"line_start":34,"line_end":34,"column_start":46,"column_end":54,"is_primary":true,"text":[{"text":"fn prover_engine(m: &Bound<'_, PyModule>) -> PyResult<()> {","highlight_start":46,"highlight_end":54}],"label":null,"suggested_replacement":"Result","suggestion_applicability":"MaybeIncorrect","expansion":null}],"children":[],"rendered":null}],"rendered":"\u001b[1m\u001b[91merror[E0425]\u001b[0m\u001b[1m: cannot find type `PyResult` in this scope\u001b[0m\n  \u001b[1m\u001b[94m--> \u001b[0msrc/lib.rs:34:46\n   \u001b[1m\u001b[94m|\u001b[0m\n\u001b[1m\u001b[94m34\u001b[0m \u001b[1m\u001b[94m|\u001b[0m fn prover_engine(m: &Bound<'_, PyModule>) -> PyResult<()> {\n   \u001b[1m\u001b[94m|\u001b[0m                                              \u001b[1m\u001b[91m^^^^^^^^\u001b[0m \u001b[1m\u001b[91mhelp: an enum with a similar name exists: `Result`\u001b[0m\n   \u001b[1m\u001b[94m|\u001b[0m\n  \u001b[1m\u001b[94m--> \u001b[0m/rustc/254b59607d4417e9dffbc307138ae5c86280fe4c/library/core/src/result.rs:557:1\n   \u001b[1m\u001b[94m|\u001b[0m\n   \u001b[1m\u001b[94m= \u001b[0m\u001b[1mnote\u001b[0m: \u001b[1m\u001b[94msimilarly named enum `Result` defined here\u001b[0m\n\n"}
{"$message_type":"diagnostic","message":"failed to resolve: use of undeclared type `Python`","code":{"code":"E0433","explanation":"An undeclared crate, module, or type was used.\n\nErroneous code example:\n\n```compile_fail,E0433\nlet map = HashMap::new();\n// error: failed to resolve: use of undeclared type `HashMap`\n```\n\nPlease verify you didn't misspell the type/module's name or that you didn't\nforget to import it:\n\n```\nuse std::collections::HashMap; // HashMap has been imported.\nlet map: HashMap<u32, u32> = HashMap::new(); // So it can be used!\n```\n\nIf you've expected to use a crate name:\n\n```compile_fail\nuse ferris_wheel::BigO;\n// error: failed to resolve: use of undeclared module or unlinked crate\n```\n\nMake sure the crate has been added as a dependency in `Cargo.toml`.\n\nTo use a module from your current crate, add the `crate::` prefix to the path.\n"},"level":"error","spans":[{"file_name":"src/lib.rs","byte_start":197,"byte_end":203,"line_start":7,"line_end":7,"column_start":5,"column_end":11,"is_primary":true,"text":[{"text":"    Python::with_gil(|py| {","highlight_start":5,"highlight_end":11}],"label":"use of undeclared type `Python`","suggested_replacement":null,"suggestion_applicability":null,"expansion":null}],"children":[],"rendered":"\u001b[1m\u001b[91merror[E0433]\u001b[0m\u001b[1m: failed to resolve: use of undeclared type `Python`\u001b[0m\n \u001b[1m\u001b[94m--> \u001b[0msrc/lib.rs:7:5\n  \u001b[1m\u001b[94m|\u001b[0m\n\u001b[1m\u001b[94m7\u001b[0m \u001b[1m\u001b[94m|\u001b[0m     Python::with_gil(|py| {\n  \u001b[1m\u001b[94m|\u001b[0m     \u001b[1m\u001b[91m^^^^^^\u001b[0m \u001b[1m\u001b[91muse of undeclared type `Python`\u001b[0m\n\n"}
{"$message_type":"diagnostic","message":"type annotations needed","code":{"code":"E0282","explanation":"The compiler could not infer a type and asked for a type annotation.\n\nErroneous code example:\n\n```compile_fail,E0282\nlet x = Vec::new();\n```\n\nThis error indicates that type inference did not result in one unique possible\ntype, and extra information is required. In most cases this can be provided\nby adding a type annotation. Sometimes you need to specify a generic type\nparameter manually.\n\nIn the example above, type `Vec` has a type parameter `T`. When calling\n`Vec::new`, barring any other later usage of the variable `x` that allows the\ncompiler to infer what type `T` is, the compiler needs to be told what it is.\n\nThe type can be specified on the variable:\n\n```\nlet x: Vec<i32> = Vec::new();\n```\n\nThe type can also be specified in the path of the expression:\n\n```\nlet x = Vec::<i32>::new();\n```\n\nIn cases with more complex types, it is not necessary to annotate the full\ntype. Once the ambiguity is resolved, the compiler can infer the rest:\n\n```\nlet x: Vec<_> = \"hello\".chars().rev().collect();\n```\n\nAnother way to provide the compiler with enough information, is to specify the\ngeneric type parameter:\n\n```\nlet x = \"hello\".chars().rev().collect::<Vec<char>>();\n```\n\nAgain, you need not specify the full type if the compiler can infer it:\n\n```\nlet x = \"hello\".chars().rev().collect::<Vec<_>>();\n```\n\nApart from a method or function with a generic type parameter, this error can\noccur when a type parameter of a struct or trait cannot be inferred. In that\ncase it is not always possible to use a type annotation, because all candidates\nhave the same return type. For instance:\n\n```compile_fail,E0282\nstruct Foo<T> {\n    num: T,\n}\n\nimpl<T> Foo<T> {\n    fn bar() -> i32 {\n        0\n    }\n\n    fn baz() {\n        let number = Foo::bar();\n    }\n}\n```\n\nThis will fail because the compiler does not know which instance of `Foo` to\ncall `bar` on. Change `Foo::bar()` to `Foo::<T>::bar()` to resolve the error.\n"},"level":"error","spans":[{"file_name":"src/lib.rs","byte_start":229,"byte_end":231,"line_start":8,"line_end":8,"column_start":9,"column_end":11,"is_primary":false,"text":[{"text":"        py.allow_threads(|| {","highlight_start":9,"highlight_end":11}],"label":"type must be known at this point","suggested_replacement":null,"suggestion_applicability":null,"expansion":null},{"file_name":"src/lib.rs","byte_start":215,"byte_end":217,"line_start":7,"line_end":7,"column_start":23,"column_end":25,"is_primary":true,"text":[{"text":"    Python::with_gil(|py| {","highlight_start":23,"highlight_end":25}],"label":null,"suggested_replacement":null,"suggestion_applicability":null,"expansion":null}],"children":[{"message":"consider giving this closure parameter an explicit type","code":null,"level":"help","spans":[{"file_name":"src/lib.rs","byte_start":217,"byte_end":217,"line_start":7,"line_end":7,"column_start":25,"column_end":25,"is_primary":true,"text":[{"text":"    Python::with_gil(|py| {","highlight_start":25,"highlight_end":25}],"label":null,"suggested_replacement":": /* Type */","suggestion_applicability":"HasPlaceholders","expansion":null}],"children":[],"rendered":null}],"rendered":"\u001b[1m\u001b[91merror[E0282]\u001b[0m\u001b[1m: type annotations needed\u001b[0m\n \u001b[1m\u001b[94m--> \u001b[0msrc/lib.rs:7:23\n  \u001b[1m\u001b[94m|\u001b[0m\n\u001b[1m\u001b[94m7\u001b[0m \u001b[1m\u001b[94m|\u001b[0m     Python::with_gil(|py| {\n  \u001b[1m\u001b[94m|\u001b[0m                       \u001b[1m\u001b[91m^^\u001b[0m\n\u001b[1m\u001b[94m8\u001b[0m \u001b[1m\u001b[94m|\u001b[0m         py.allow_threads(|| {\n  \u001b[1m\u001b[94m|\u001b[0m         \u001b[1m\u001b[94m--\u001b[0m \u001b[1m\u001b[94mtype must be known at this point\u001b[0m\n  \u001b[1m\u001b[94m|\u001b[0m\n\u001b[1m\u001b[96mhelp\u001b[0m: consider giving this closure parameter an explicit type\n  \u001b[1m\u001b[94m|\u001b[0m\n\u001b[1m\u001b[94m7\u001b[0m \u001b[1m\u001b[94m| \u001b[0m    Python::with_gil(|py\u001b[92m: /* Type */\u001b[0m| {\n  \u001b[1m\u001b[94m|\u001b[0m                         \u001b[92m++++++++++++\u001b[0m\n\n"}
{"$message_type":"diagnostic","message":"no method named `into_par_iter` found for struct `std::ops::Range<Idx>` in the current scope","code":{"code":"E0599","explanation":"This error occurs when a method is used on a type which doesn't implement it:\n\nErroneous code example:\n\n```compile_fail,E0599\nstruct Mouth;\n\nlet x = Mouth;\nx.chocolate(); // error: no method named `chocolate` found for type `Mouth`\n               //        in the current scope\n```\n\nIn this case, you need to implement the `chocolate` method to fix the error:\n\n```\nstruct Mouth;\n\nimpl Mouth {\n    fn chocolate(&self) { // We implement the `chocolate` method here.\n        println!(\"Hmmm! I love chocolate!\");\n    }\n}\n\nlet x = Mouth;\nx.chocolate(); // ok!\n```\n"},"level":"error","spans":[{"file_name":"src/lib.rs","byte_start":346,"byte_end":388,"line_start":11,"line_end":12,"column_start":26,"column_end":18,"is_primary":false,"text":[{"text":"            let result = (range_start..range_end)","highlight_start":26,"highlight_end":50},{"text":"                .into_par_iter()","highlight_start":1,"highlight_end":18}],"label":"","suggested_replacement":null,"suggestion_applicability":null,"expansion":null},{"file_name":"src/lib.rs","byte_start":388,"byte_end":401,"line_start":12,"line_end":12,"column_start":18,"column_end":31,"is_primary":true,"text":[{"text":"                .into_par_iter()","highlight_start":18,"highlight_end":31}],"label":null,"suggested_replacement":null,"suggestion_applicability":null,"expansion":null}],"children":[{"message":"there is a method `into_iter` with a similar name","code":null,"level":"help","spans":[{"file_name":"src/lib.rs","byte_start":388,"byte_end":401,"line_start":12,"line_end":12,"column_start":18,"column_end":31,"is_primary":true,"text":[{"text":"                .into_par_iter()","highlight_start":18,"highlight_end":31}],"label":null,"suggested_replacement":"into_iter","suggestion_applicability":"MaybeIncorrect","expansion":null}],"children":[],"rendered":null}],"rendered":"\u001b[1m\u001b[91merror[E0599]\u001b[0m\u001b[1m: no method named `into_par_iter` found for struct `std::ops::Range<Idx>` in the current scope\u001b[0m\n  \u001b[1m\u001b[94m--> \u001b[0msrc/lib.rs:12:18\n   \u001b[1m\u001b[94m|\u001b[0m\n\u001b[1m\u001b[94m11\u001b[0m \u001b[1m\u001b[94m|\u001b[0m               let result = (range_start..range_end)\n   \u001b[1m\u001b[94m|\u001b[0m \u001b[1m\u001b[94m __________________________-\u001b[0m\n\u001b[1m\u001b[94m12\u001b[0m \u001b[1m\u001b[94m|\u001b[0m \u001b[1m\u001b[94m|\u001b[0m                 .into_par_iter()\n   \u001b[1m\u001b[94m|\u001b[0m \u001b[1m\u001b[94m|_________________-\u001b[0m\u001b[1m\u001b[91m^^^^^^^^^^^^^\u001b[0m\n   \u001b[1m\u001b[94m|\u001b[0m\n\u001b[1m\u001b[96mhelp\u001b[0m: there is a method `into_iter` with a similar name\n   \u001b[1m\u001b[94m|\u001b[0m\n\u001b[1m\u001b[94m12\u001b[0m \u001b[91m- \u001b[0m                .\u001b[91minto_par_iter\u001b[0m()\n\u001b[1m\u001b[94m12\u001b[0m \u001b[92m+ \u001b[0m                .\u001b[92minto_iter\u001b[0m()\n   \u001b[1m\u001b[94m|\u001b[0m\n\n"}
{"$message_type":"diagnostic","message":"aborting due to 14 previous errors","code":null,"level":"error","spans":[],"children":[],"rendered":"\u001b[1m\u001b[91merror\u001b[0m\u001b[1m: aborting due to 14 previous errors\u001b[0m\n\n"}
{"$message_type":"diagnostic","message":"Some errors have detailed explanations: E0282, E0425, E0432, E0433, E0599.","code":null,"level":"failure-note","spans":[],"children":[],"rendered":"\u001b[1mSome errors have detailed explanations: E0282, E0425, E0432, E0433, E0599.\u001b[0m\n"}
{"$message_type":"diagnostic","message":"For more information about an error, try `rustc --explain E0282`.","code":null,"level":"failure-note","spans":[],"children":[],"rendered":"\u001b[1mFor more information about an error, try `rustc --explain E0282`.\u001b[0m\n"}
